\BOOKMARK [0][-]{chapter.1}{\376\377\0001\000\040\000F\000i\000l\000e\000\040\000I\000n\000d\000e\000x}{}% 1
\BOOKMARK [1][-]{section.1.1}{\376\377\0001\000.\0001\000\040\000F\000i\000l\000e\000\040\000L\000i\000s\000t}{chapter.1}% 2
\BOOKMARK [0][-]{chapter.2}{\376\377\0002\000\040\000F\000i\000l\000e\000\040\000D\000o\000c\000u\000m\000e\000n\000t\000a\000t\000i\000o\000n}{}% 3
\BOOKMARK [1][-]{section.2.1}{\376\377\0002\000.\0001\000\040\000w\000a\000s\000t\000e\000\137\000b\000i\000n\000\137\000c\000o\000n\000t\000r\000o\000l\000l\000e\000r\000.\000h\000\040\000F\000i\000l\000e\000\040\000R\000e\000f\000e\000r\000e\000n\000c\000e}{chapter.2}% 4
\BOOKMARK [2][-]{subsection.2.1.1}{\376\377\0002\000.\0001\000.\0001\000\040\000F\000u\000n\000c\000t\000i\000o\000n\000\040\000D\000o\000c\000u\000m\000e\000n\000t\000a\000t\000i\000o\000n}{section.2.1}% 5
\BOOKMARK [3][-]{subsubsection.2.1.1.1}{\376\377\0002\000.\0001\000.\0001\000.\0001\000\040\000c\000o\000n\000t\000r\000o\000l\000P\000e\000l\000t\000i\000e\000r\000M\000o\000d\000u\000l\000e\000\050\000\051}{subsection.2.1.1}% 6
\BOOKMARK [3][-]{subsubsection.2.1.1.2}{\376\377\0002\000.\0001\000.\0001\000.\0002\000\040\000h\000a\000n\000d\000l\000e\000I\000n\000c\000o\000m\000i\000n\000g\000M\000e\000s\000s\000a\000g\000e\000\050\000\051}{subsection.2.1.1}% 7
\BOOKMARK [3][-]{subsubsection.2.1.1.3}{\376\377\0002\000.\0001\000.\0001\000.\0003\000\040\000l\000o\000o\000p\000\050\000\051}{subsection.2.1.1}% 8
\BOOKMARK [3][-]{subsubsection.2.1.1.4}{\376\377\0002\000.\0001\000.\0001\000.\0004\000\040\000p\000u\000b\000l\000i\000s\000h\000M\000e\000s\000s\000a\000g\000e\000\050\000\051}{subsection.2.1.1}% 9
\BOOKMARK [3][-]{subsubsection.2.1.1.5}{\376\377\0002\000.\0001\000.\0001\000.\0005\000\040\000p\000u\000b\000l\000i\000s\000h\000S\000e\000n\000s\000o\000r\000D\000a\000t\000a\000\050\000\051}{subsection.2.1.1}% 10
\BOOKMARK [3][-]{subsubsection.2.1.1.6}{\376\377\0002\000.\0001\000.\0001\000.\0006\000\040\000r\000e\000a\000d\000S\000e\000n\000s\000o\000r\000D\000a\000t\000a\000\050\000\051}{subsection.2.1.1}% 11
\BOOKMARK [3][-]{subsubsection.2.1.1.7}{\376\377\0002\000.\0001\000.\0001\000.\0007\000\040\000s\000e\000t\000u\000p\000\050\000\051}{subsection.2.1.1}% 12
\BOOKMARK [3][-]{subsubsection.2.1.1.8}{\376\377\0002\000.\0001\000.\0001\000.\0008\000\040\000s\000e\000t\000u\000p\000M\000Q\000T\000T\000C\000l\000i\000e\000n\000t\000\050\000\051}{subsection.2.1.1}% 13
\BOOKMARK [3][-]{subsubsection.2.1.1.9}{\376\377\0002\000.\0001\000.\0001\000.\0009\000\040\000s\000e\000t\000u\000p\000P\000e\000l\000t\000i\000e\000r\000A\000n\000d\000F\000a\000n\000\050\000\051}{subsection.2.1.1}% 14
\BOOKMARK [3][-]{subsubsection.2.1.1.10}{\376\377\0002\000.\0001\000.\0001\000.\0001\0000\000\040\000s\000e\000t\000u\000p\000S\000H\000T\0004\000x\000\050\000\051}{subsection.2.1.1}% 15
\BOOKMARK [3][-]{subsubsection.2.1.1.11}{\376\377\0002\000.\0001\000.\0001\000.\0001\0001\000\040\000s\000e\000t\000u\000p\000W\000i\000F\000i\000\050\000\051}{subsection.2.1.1}% 16
\BOOKMARK [3][-]{subsubsection.2.1.1.12}{\376\377\0002\000.\0001\000.\0001\000.\0001\0002\000\040\000u\000p\000d\000a\000t\000e\000L\000i\000d\000P\000o\000s\000i\000t\000i\000o\000n\000\050\000\051}{subsection.2.1.1}% 17
\BOOKMARK [2][-]{subsection.2.1.2}{\376\377\0002\000.\0001\000.\0002\000\040\000V\000a\000r\000i\000a\000b\000l\000e\000\040\000D\000o\000c\000u\000m\000e\000n\000t\000a\000t\000i\000o\000n}{section.2.1}% 18
\BOOKMARK [3][-]{subsubsection.2.1.2.1}{\376\377\0002\000.\0001\000.\0002\000.\0001\000\040\000B\000U\000T\000T\000O\000N\000\137\000P\000I\000N}{subsection.2.1.2}% 19
\BOOKMARK [3][-]{subsubsection.2.1.2.2}{\376\377\0002\000.\0001\000.\0002\000.\0002\000\040\000C\000L\000I\000E\000N\000T\000\137\000N\000A\000M\000E}{subsection.2.1.2}% 20
\BOOKMARK [3][-]{subsubsection.2.1.2.3}{\376\377\0002\000.\0001\000.\0002\000.\0003\000\040\000h\000u\000m\000i\000d\000i\000t\000y\000\137\000v\000a\000l\000u\000e}{subsection.2.1.2}% 21
\BOOKMARK [3][-]{subsubsection.2.1.2.4}{\376\377\0002\000.\0001\000.\0002\000.\0004\000\040\000i\000n\000t\000e\000r\000v\000a\000l}{subsection.2.1.2}% 22
\BOOKMARK [3][-]{subsubsection.2.1.2.5}{\376\377\0002\000.\0001\000.\0002\000.\0005\000\040\000l\000a\000s\000t\000\137\000m\000s\000g\000\137\000s\000e\000n\000t}{subsection.2.1.2}% 23
\BOOKMARK [3][-]{subsubsection.2.1.2.6}{\376\377\0002\000.\0001\000.\0002\000.\0006\000\040\000l\000i\000d\000\137\000p\000o\000s\000i\000t\000i\000o\000n}{subsection.2.1.2}% 24
\BOOKMARK [3][-]{subsubsection.2.1.2.7}{\376\377\0002\000.\0001\000.\0002\000.\0007\000\040\000m\000q\000t\000t\000\137\000c\000l\000i\000e\000n\000t}{subsection.2.1.2}% 25
\BOOKMARK [3][-]{subsubsection.2.1.2.8}{\376\377\0002\000.\0001\000.\0002\000.\0008\000\040\000M\000Q\000T\000T\000\137\000P\000A\000S\000S\000W\000O\000R\000D}{subsection.2.1.2}% 26
\BOOKMARK [3][-]{subsubsection.2.1.2.9}{\376\377\0002\000.\0001\000.\0002\000.\0009\000\040\000M\000Q\000T\000T\000\137\000P\000O\000R\000T}{subsection.2.1.2}% 27
\BOOKMARK [3][-]{subsubsection.2.1.2.10}{\376\377\0002\000.\0001\000.\0002\000.\0001\0000\000\040\000M\000Q\000T\000T\000\137\000S\000E\000R\000V\000E\000R}{subsection.2.1.2}% 28
\BOOKMARK [3][-]{subsubsection.2.1.2.11}{\376\377\0002\000.\0001\000.\0002\000.\0001\0001\000\040\000M\000Q\000T\000T\000\137\000U\000S\000E\000R\000N\000A\000M\000E}{subsection.2.1.2}% 29
\BOOKMARK [3][-]{subsubsection.2.1.2.12}{\376\377\0002\000.\0001\000.\0002\000.\0001\0002\000\040\000m\000s\000g\000\137\000i\000n\000t\000e\000r\000v\000a\000l}{subsection.2.1.2}% 30
\BOOKMARK [3][-]{subsubsection.2.1.2.13}{\376\377\0002\000.\0001\000.\0002\000.\0001\0003\000\040\000P\000A\000S\000S\000W\000O\000R\000D}{subsection.2.1.2}% 31
\BOOKMARK [3][-]{subsubsection.2.1.2.14}{\376\377\0002\000.\0001\000.\0002\000.\0001\0004\000\040\000p\000e\000l\000t\000i\000e\000r\000a\000n\000d\000f\000a\000n\000p\000i\000n}{subsection.2.1.2}% 32
\BOOKMARK [3][-]{subsubsection.2.1.2.15}{\376\377\0002\000.\0001\000.\0002\000.\0001\0005\000\040\000p\000e\000l\000t\000i\000e\000r\000a\000n\000d\000f\000a\000n\000s\000t\000a\000t\000e}{subsection.2.1.2}% 33
\BOOKMARK [3][-]{subsubsection.2.1.2.16}{\376\377\0002\000.\0001\000.\0002\000.\0001\0006\000\040\000p\000r\000e\000v\000i\000o\000u\000s\000M\000i\000l\000l\000i\000s}{subsection.2.1.2}% 34
\BOOKMARK [3][-]{subsubsection.2.1.2.17}{\376\377\0002\000.\0001\000.\0002\000.\0001\0007\000\040\000p\000w\000m\000F\000r\000e\000q}{subsection.2.1.2}% 35
\BOOKMARK [3][-]{subsubsection.2.1.2.18}{\376\377\0002\000.\0001\000.\0002\000.\0001\0008\000\040\000S\000E\000N\000S\000O\000R\000\137\000D\000A\000T\000A\000\137\000T\000O\000P\000I\000C}{subsection.2.1.2}% 36
\BOOKMARK [3][-]{subsubsection.2.1.2.19}{\376\377\0002\000.\0001\000.\0002\000.\0001\0009\000\040\000s\000e\000t\000P\000o\000i\000n\000t}{subsection.2.1.2}% 37
\BOOKMARK [3][-]{subsubsection.2.1.2.20}{\376\377\0002\000.\0001\000.\0002\000.\0002\0000\000\040\000s\000h\000t\0004}{subsection.2.1.2}% 38
\BOOKMARK [3][-]{subsubsection.2.1.2.21}{\376\377\0002\000.\0001\000.\0002\000.\0002\0001\000\040\000S\000S\000I\000D}{subsection.2.1.2}% 39
\BOOKMARK [3][-]{subsubsection.2.1.2.22}{\376\377\0002\000.\0001\000.\0002\000.\0002\0002\000\040\000t\000e\000m\000p\000e\000r\000a\000t\000u\000r\000e\000\137\000v\000a\000l\000u\000e}{subsection.2.1.2}% 40
\BOOKMARK [3][-]{subsubsection.2.1.2.23}{\376\377\0002\000.\0001\000.\0002\000.\0002\0003\000\040\000t\000o\000l\000e\000r\000a\000n\000c\000e}{subsection.2.1.2}% 41
\BOOKMARK [3][-]{subsubsection.2.1.2.24}{\376\377\0002\000.\0001\000.\0002\000.\0002\0004\000\040\000w\000i\000f\000i\000\137\000c\000l\000i\000e\000n\000t}{subsection.2.1.2}% 42
\BOOKMARK [1][-]{section.2.2}{\376\377\0002\000.\0002\000\040\000w\000a\000s\000t\000e\000\137\000b\000i\000n\000\137\000c\000o\000n\000t\000r\000o\000l\000l\000e\000r\000.\000h}{chapter.2}% 43
\BOOKMARK [1][-]{section.2.3}{\376\377\0002\000.\0003\000\040\000w\000a\000s\000t\000e\000\137\000b\000i\000n\000\137\000c\000o\000n\000t\000r\000o\000l\000l\000e\000r\000.\000i\000n\000o\000\040\000F\000i\000l\000e\000\040\000R\000e\000f\000e\000r\000e\000n\000c\000e}{chapter.2}% 44
\BOOKMARK [1][-]{section.2.4}{\376\377\0002\000.\0004\000\040\000w\000a\000s\000t\000e\000\137\000b\000i\000n\000\137\000c\000o\000n\000t\000r\000o\000l\000l\000e\000r\000.\000i\000n\000o}{chapter.2}% 45
